<?xml version="1.0" encoding="UTF-8"?>
<!-- Generated by org.testng.reporters.JUnitReportReporter -->
<testsuite ignored="0" hostname="LAPTOP-GQF8L5AK" failures="0" tests="1" name="testdolibarr.BankmenubarpageTest" time="5.085" errors="0" timestamp="24 Jul 2022 08:03:27 GMT" skipped="0">
  <testcase classname="testdolibarr.BankmenubarpageTest" name="bankmenubarpageTest" time="5.085"/>
</testsuite> <!-- testdolibarr.BankmenubarpageTest -->
