<?xml version="1.0" encoding="UTF-8"?>
<!-- Generated by org.testng.reporters.JUnitReportReporter -->
<testsuite ignored="0" hostname="LAPTOP-GQF8L5AK" failures="0" tests="1" name="testdolibarr.NFAPageTest" time="4.427" errors="0" timestamp="20 Jul 2022 05:13:52 GMT" skipped="0">
  <testcase classname="testdolibarr.NFAPageTest" name="newFinanceOpen" time="4.427"/>
</testsuite> <!-- testdolibarr.NFAPageTest -->
