<?xml version="1.0" encoding="UTF-8"?>
<!-- Generated by org.testng.reporters.JUnitReportReporter -->
<testsuite ignored="0" hostname="LAPTOP-GQF8L5AK" failures="0" tests="1" name="testdolibarr.MenuBarPageTest" time="4.056" errors="0" timestamp="21 Jul 2022 20:12:05 GMT" skipped="0">
  <testcase classname="testdolibarr.MenuBarPageTest" name="menubarpageTest" time="4.056"/>
</testsuite> <!-- testdolibarr.MenuBarPageTest -->
