<?xml version="1.0" encoding="UTF-8"?>
<!-- Generated by org.testng.reporters.JUnitReportReporter -->
<testsuite ignored="0" hostname="LAPTOP-GQF8L5AK" failures="0" tests="1" name="testdolibarr.ListPageTest" time="5.099" errors="0" timestamp="21 Jul 2022 19:34:58 GMT" skipped="0">
  <testcase classname="testdolibarr.ListPageTest" name="typeListTest" time="5.099"/>
</testsuite> <!-- testdolibarr.ListPageTest -->
