<?xml version="1.0" encoding="UTF-8"?>
<!-- Generated by org.testng.reporters.JUnitReportReporter -->
<testsuite ignored="0" hostname="LAPTOP-GQF8L5AK" failures="0" tests="1" name="test.copy.LoginPageTest" time="2.452" errors="0" timestamp="23 Jun 2022 11:58:31 GMT" skipped="0">
  <testcase classname="test.copy.LoginPageTest" name="createaccountpageTest" time="2.452"/>
</testsuite> <!-- test.copy.LoginPageTest -->
