<?xml version="1.0" encoding="UTF-8"?>
<!-- Generated by org.testng.reporters.JUnitReportReporter -->
<testsuite ignored="0" hostname="LAPTOP-GQF8L5AK" failures="0" tests="1" name="testdolibarr.MenuPageTest" time="3.697" errors="0" timestamp="26 Jun 2022 06:46:43 GMT" skipped="0">
  <testcase classname="testdolibarr.MenuPageTest" name="bankhomepageTest" time="3.697"/>
</testsuite> <!-- testdolibarr.MenuPageTest -->
