<?xml version="1.0" encoding="UTF-8"?>
<!-- Generated by org.testng.reporters.JUnitReportReporter -->
<testsuite ignored="0" hostname="LAPTOP-GQF8L5AK" failures="0" tests="1" name="testdolibarr.LoginPageTest" time="2.455" errors="0" timestamp="21 Jul 2022 06:57:24 GMT" skipped="0">
  <testcase classname="testdolibarr.LoginPageTest" name="loginpageTest" time="2.455"/>
</testsuite> <!-- testdolibarr.LoginPageTest -->
