<?xml version="1.0" encoding="UTF-8"?>
<!-- Generated by org.testng.reporters.JUnitReportReporter -->
<testsuite ignored="0" hostname="LAPTOP-GQF8L5AK" failures="0" tests="1" name="testdolibarr.SearchpageTest" time="9.823" errors="0" timestamp="28 Jul 2022 19:39:36 GMT" skipped="0">
  <testcase classname="testdolibarr.SearchpageTest" name="findprj" time="9.823"/>
</testsuite> <!-- testdolibarr.SearchpageTest -->
