<?xml version="1.0" encoding="UTF-8"?>
<!-- Generated by org.testng.reporters.JUnitReportReporter -->
<testsuite ignored="0" hostname="LAPTOP-GQF8L5AK" failures="0" tests="1" name="test.BPageTest" time="3.784" errors="0" timestamp="25 Jun 2022 06:18:45 GMT" skipped="0">
  <testcase classname="test.BPageTest" name="newFinanceOpen" time="3.784"/>
</testsuite> <!-- test.BPageTest -->
