<?xml version="1.0" encoding="UTF-8"?>
<!-- Generated by org.testng.reporters.JUnitReportReporter -->
<testsuite ignored="0" hostname="LAPTOP-GQF8L5AK" failures="0" tests="1" name="testdolibarr.ProjectPageTest" time="8.986" errors="0" timestamp="28 Jul 2022 06:48:10 GMT" skipped="0">
  <testcase classname="testdolibarr.ProjectPageTest" name="ppTest" time="8.986"/>
</testsuite> <!-- testdolibarr.ProjectPageTest -->
