<?xml version="1.0" encoding="UTF-8"?>
<!-- Generated by org.testng.reporters.JUnitReportReporter -->
<testsuite ignored="0" hostname="LAPTOP-GQF8L5AK" failures="0" tests="1" name="testdolibarr.DraftPageTest" time="23.627" errors="0" timestamp="25 Jul 2022 20:43:40 GMT" skipped="0">
  <testcase classname="testdolibarr.DraftPageTest" name="draftpageTest" time="23.627"/>
</testsuite> <!-- testdolibarr.DraftPageTest -->
