<?xml version="1.0" encoding="UTF-8"?>
<!-- Generated by org.testng.reporters.JUnitReportReporter -->
<testsuite ignored="0" hostname="LAPTOP-GQF8L5AK" failures="0" tests="1" name="testdolibarr.ManuPageTest" time="3.689" errors="0" timestamp="26 Jun 2022 05:55:18 GMT" skipped="0">
  <testcase classname="testdolibarr.ManuPageTest" name="bankhomepageTest" time="3.689"/>
</testsuite> <!-- testdolibarr.ManuPageTest -->
