<?xml version="1.0" encoding="UTF-8"?>
<!-- Generated by org.testng.reporters.JUnitReportReporter -->
<testsuite ignored="0" hostname="LAPTOP-GQF8L5AK" failures="0" tests="1" name="test.LoginPageTest" time="3.502" errors="0" timestamp="25 Jun 2022 06:11:58 GMT" skipped="0">
  <testcase classname="test.LoginPageTest" name="createaccountpageTest" time="3.502"/>
</testsuite> <!-- test.LoginPageTest -->
