<?xml version="1.0" encoding="UTF-8"?>
<!-- Generated by org.testng.reporters.JUnitReportReporter -->
<testsuite ignored="0" hostname="LAPTOP-GQF8L5AK" failures="0" tests="1" name="test.BankHomePageTest" time="3.454" errors="0" timestamp="25 Jun 2022 05:59:04 GMT" skipped="0">
  <testcase classname="test.BankHomePageTest" name="bankhomepageTest" time="3.454"/>
</testsuite> <!-- test.BankHomePageTest -->
