<?xml version="1.0" encoding="UTF-8"?>
<!-- Generated by org.testng.reporters.JUnitReportReporter -->
<testsuite ignored="0" hostname="LAPTOP-GQF8L5AK" failures="0" tests="1" name="test.HomePageTest" time="1.222" errors="0" timestamp="25 Jun 2022 05:58:37 GMT" skipped="0">
  <testcase classname="test.HomePageTest" name="homepageTest" time="1.222"/>
</testsuite> <!-- test.HomePageTest -->
