<?xml version="1.0" encoding="UTF-8"?>
<!-- Generated by org.testng.reporters.JUnitReportReporter -->
<testsuite ignored="0" hostname="LAPTOP-GQF8L5AK" failures="0" tests="1" name="testdolibarr.HomePageTest" time="1.277" errors="0" timestamp="20 Jul 2022 05:11:44 GMT" skipped="0">
  <testcase classname="testdolibarr.HomePageTest" name="homepageTest" time="1.277"/>
</testsuite> <!-- testdolibarr.HomePageTest -->
