<?xml version="1.0" encoding="UTF-8"?>
<!-- Generated by org.testng.reporters.JUnitReportReporter -->
<testsuite ignored="0" hostname="LAPTOP-GQF8L5AK" failures="0" tests="1" name="test.copy.HomePageTest" time="1.131" errors="0" timestamp="24 Jun 2022 08:05:43 GMT" skipped="0">
  <testcase classname="test.copy.HomePageTest" name="homepageTest" time="1.131"/>
</testsuite> <!-- test.copy.HomePageTest -->
